12/09 18:39:53 INFO  ContextLoader:304 - Root WebApplicationContext: initialization started
12/09 18:39:53 INFO  XmlWebApplicationContext:583 - Refreshing Root WebApplicationContext: startup date [Tue Sep 12 18:39:53 WEST 2017]; root of context hierarchy
12/09 18:39:53 INFO  XmlBeanDefinitionReader:317 - Loading XML bean definitions from class path resource [application-context.xml]
12/09 18:39:53 INFO  AutowiredAnnotationBeanPostProcessor:155 - JSR-330 'javax.inject.Inject' annotation found and supported for autowiring
12/09 18:39:54 WARN  XmlWebApplicationContext:551 - Exception encountered during context initialization - cancelling refresh attempt: org.springframework.beans.factory.CannotLoadBeanClassException: Cannot find class [com.formation.spring.util.Config] for bean with name 'appConfig' defined in class path resource [application-context.xml]; nested exception is java.lang.ClassNotFoundException: com.formation.spring.util.Config
12/09 18:39:54 ERROR ContextLoader:350 - Context initialization failed
org.springframework.beans.factory.CannotLoadBeanClassException: Cannot find class [com.formation.spring.util.Config] for bean with name 'appConfig' defined in class path resource [application-context.xml]; nested exception is java.lang.ClassNotFoundException: com.formation.spring.util.Config
	at org.springframework.beans.factory.support.AbstractBeanFactory.resolveBeanClass(AbstractBeanFactory.java:1385)
	at org.springframework.beans.factory.support.AbstractAutowireCapableBeanFactory.determineTargetType(AbstractAutowireCapableBeanFactory.java:641)
	at org.springframework.beans.factory.support.AbstractAutowireCapableBeanFactory.predictBeanType(AbstractAutowireCapableBeanFactory.java:609)
	at org.springframework.beans.factory.support.AbstractBeanFactory.isFactoryBean(AbstractBeanFactory.java:1484)
	at org.springframework.beans.factory.support.AbstractBeanFactory.isFactoryBean(AbstractBeanFactory.java:1007)
	at org.springframework.beans.factory.support.DefaultListableBeanFactory.preInstantiateSingletons(DefaultListableBeanFactory.java:741)
	at org.springframework.context.support.AbstractApplicationContext.finishBeanFactoryInitialization(AbstractApplicationContext.java:867)
	at org.springframework.context.support.AbstractApplicationContext.refresh(AbstractApplicationContext.java:543)
	at org.springframework.web.context.ContextLoader.configureAndRefreshWebApplicationContext(ContextLoader.java:443)
	at org.springframework.web.context.ContextLoader.initWebApplicationContext(ContextLoader.java:325)
	at org.springframework.web.context.ContextLoaderListener.contextInitialized(ContextLoaderListener.java:107)
	at org.apache.catalina.core.StandardContext.listenerStart(StandardContext.java:4939)
	at org.apache.catalina.core.StandardContext.startInternal(StandardContext.java:5434)
	at org.apache.catalina.util.LifecycleBase.start(LifecycleBase.java:150)
	at org.apache.catalina.core.ContainerBase$StartChild.call(ContainerBase.java:1559)
	at org.apache.catalina.core.ContainerBase$StartChild.call(ContainerBase.java:1549)
	at java.util.concurrent.FutureTask.run(FutureTask.java:266)
	at java.util.concurrent.ThreadPoolExecutor.runWorker(ThreadPoolExecutor.java:1149)
	at java.util.concurrent.ThreadPoolExecutor$Worker.run(ThreadPoolExecutor.java:624)
	at java.lang.Thread.run(Thread.java:748)
Caused by: java.lang.ClassNotFoundException: com.formation.spring.util.Config
	at org.apache.catalina.loader.WebappClassLoader.loadClass(WebappClassLoader.java:1702)
	at org.apache.catalina.loader.WebappClassLoader.loadClass(WebappClassLoader.java:1547)
	at org.springframework.util.ClassUtils.forName(ClassUtils.java:250)
	at org.springframework.beans.factory.support.AbstractBeanDefinition.resolveBeanClass(AbstractBeanDefinition.java:401)
	at org.springframework.beans.factory.support.AbstractBeanFactory.doResolveBeanClass(AbstractBeanFactory.java:1432)
	at org.springframework.beans.factory.support.AbstractBeanFactory.resolveBeanClass(AbstractBeanFactory.java:1377)
	... 19 more
12/09 18:40:57 INFO  ContextLoader:304 - Root WebApplicationContext: initialization started
12/09 18:40:57 INFO  XmlWebApplicationContext:583 - Refreshing Root WebApplicationContext: startup date [Tue Sep 12 18:40:57 WEST 2017]; root of context hierarchy
12/09 18:40:57 INFO  XmlBeanDefinitionReader:317 - Loading XML bean definitions from class path resource [application-context.xml]
12/09 18:40:57 INFO  AutowiredAnnotationBeanPostProcessor:155 - JSR-330 'javax.inject.Inject' annotation found and supported for autowiring
12/09 18:40:57 WARN  XmlWebApplicationContext:551 - Exception encountered during context initialization - cancelling refresh attempt: org.springframework.beans.factory.CannotLoadBeanClassException: Cannot find class [org.springframework.orm.jpa.LocalContainerEntityManagerFactoryBean] for bean with name 'myEmf' defined in class path resource [application-context.xml]; nested exception is java.lang.ClassNotFoundException: org.springframework.orm.jpa.LocalContainerEntityManagerFactoryBean
12/09 18:40:57 ERROR ContextLoader:350 - Context initialization failed
org.springframework.beans.factory.CannotLoadBeanClassException: Cannot find class [org.springframework.orm.jpa.LocalContainerEntityManagerFactoryBean] for bean with name 'myEmf' defined in class path resource [application-context.xml]; nested exception is java.lang.ClassNotFoundException: org.springframework.orm.jpa.LocalContainerEntityManagerFactoryBean
	at org.springframework.beans.factory.support.AbstractBeanFactory.resolveBeanClass(AbstractBeanFactory.java:1385)
	at org.springframework.beans.factory.support.AbstractAutowireCapableBeanFactory.determineTargetType(AbstractAutowireCapableBeanFactory.java:641)
	at org.springframework.beans.factory.support.AbstractAutowireCapableBeanFactory.predictBeanType(AbstractAutowireCapableBeanFactory.java:609)
	at org.springframework.beans.factory.support.AbstractBeanFactory.isFactoryBean(AbstractBeanFactory.java:1484)
	at org.springframework.beans.factory.support.AbstractBeanFactory.isFactoryBean(AbstractBeanFactory.java:1007)
	at org.springframework.beans.factory.support.DefaultListableBeanFactory.preInstantiateSingletons(DefaultListableBeanFactory.java:741)
	at org.springframework.context.support.AbstractApplicationContext.finishBeanFactoryInitialization(AbstractApplicationContext.java:867)
	at org.springframework.context.support.AbstractApplicationContext.refresh(AbstractApplicationContext.java:543)
	at org.springframework.web.context.ContextLoader.configureAndRefreshWebApplicationContext(ContextLoader.java:443)
	at org.springframework.web.context.ContextLoader.initWebApplicationContext(ContextLoader.java:325)
	at org.springframework.web.context.ContextLoaderListener.contextInitialized(ContextLoaderListener.java:107)
	at org.apache.catalina.core.StandardContext.listenerStart(StandardContext.java:4939)
	at org.apache.catalina.core.StandardContext.startInternal(StandardContext.java:5434)
	at org.apache.catalina.util.LifecycleBase.start(LifecycleBase.java:150)
	at org.apache.catalina.core.ContainerBase$StartChild.call(ContainerBase.java:1559)
	at org.apache.catalina.core.ContainerBase$StartChild.call(ContainerBase.java:1549)
	at java.util.concurrent.FutureTask.run(FutureTask.java:266)
	at java.util.concurrent.ThreadPoolExecutor.runWorker(ThreadPoolExecutor.java:1149)
	at java.util.concurrent.ThreadPoolExecutor$Worker.run(ThreadPoolExecutor.java:624)
	at java.lang.Thread.run(Thread.java:748)
Caused by: java.lang.ClassNotFoundException: org.springframework.orm.jpa.LocalContainerEntityManagerFactoryBean
	at org.apache.catalina.loader.WebappClassLoader.loadClass(WebappClassLoader.java:1702)
	at org.apache.catalina.loader.WebappClassLoader.loadClass(WebappClassLoader.java:1547)
	at org.springframework.util.ClassUtils.forName(ClassUtils.java:250)
	at org.springframework.beans.factory.support.AbstractBeanDefinition.resolveBeanClass(AbstractBeanDefinition.java:401)
	at org.springframework.beans.factory.support.AbstractBeanFactory.doResolveBeanClass(AbstractBeanFactory.java:1432)
	at org.springframework.beans.factory.support.AbstractBeanFactory.resolveBeanClass(AbstractBeanFactory.java:1377)
	... 19 more
12/09 21:13:44 INFO  LogHelper:31 - HHH000204: Processing PersistenceUnitInfo [
	name: default
	...]
12/09 21:13:45 INFO  Version:45 - HHH000412: Hibernate Core {5.2.10.Final}
12/09 21:13:45 INFO  Environment:213 - HHH000206: hibernate.properties not found
12/09 21:13:45 INFO  Version:66 - HCANN000001: Hibernate Commons Annotations {5.0.1.Final}
12/09 21:13:46 WARN  JdbcEnvironmentInitiator:132 - HHH000342: Could not obtain connection to query metadata : Connection is broken: "java.net.ConnectException: Connection refused (Connection refused): localhost:9092" [90067-196]
12/09 21:13:47 INFO  Dialect:157 - HHH000400: Using dialect: org.hibernate.dialect.H2Dialect
12/09 21:13:47 INFO  LobCreatorBuilderImpl:63 - HHH000422: Disabling contextual LOB creation as connection was null
12/09 21:13:47 INFO  SchemaCreatorImpl:489 - HHH000476: Executing import script 'org.hibernate.tool.schema.internal.exec.ScriptSourceInputNonExistentImpl@202f57d7'
12/09 21:14:03 INFO  SchemaDropperImpl$DelayedDropActionImpl:524 - HHH000477: Starting delayed drop of schema as part of SessionFactory shut-down'
12/09 21:15:51 INFO  LogHelper:31 - HHH000204: Processing PersistenceUnitInfo [
	name: default
	...]
12/09 21:15:51 INFO  Version:45 - HHH000412: Hibernate Core {5.2.10.Final}
12/09 21:15:51 INFO  Environment:213 - HHH000206: hibernate.properties not found
12/09 21:15:51 INFO  Version:66 - HCANN000001: Hibernate Commons Annotations {5.0.1.Final}
12/09 21:15:52 INFO  Dialect:157 - HHH000400: Using dialect: org.hibernate.dialect.H2Dialect
12/09 21:15:52 INFO  SchemaCreatorImpl:489 - HHH000476: Executing import script 'org.hibernate.tool.schema.internal.exec.ScriptSourceInputNonExistentImpl@2ecac49c'
12/09 21:34:46 INFO  SchemaDropperImpl$DelayedDropActionImpl:524 - HHH000477: Starting delayed drop of schema as part of SessionFactory shut-down'
12/09 21:53:19 INFO  LogHelper:31 - HHH000204: Processing PersistenceUnitInfo [
	name: default
	...]
12/09 21:53:19 INFO  Version:45 - HHH000412: Hibernate Core {5.2.10.Final}
12/09 21:53:19 INFO  Environment:213 - HHH000206: hibernate.properties not found
12/09 21:53:19 INFO  Version:66 - HCANN000001: Hibernate Commons Annotations {5.0.1.Final}
12/09 21:53:20 INFO  Dialect:157 - HHH000400: Using dialect: org.hibernate.dialect.H2Dialect
12/09 21:53:21 INFO  SchemaCreatorImpl:489 - HHH000476: Executing import script 'org.hibernate.tool.schema.internal.exec.ScriptSourceInputNonExistentImpl@34ae8ddc'
12/09 21:53:37 INFO  CustomerController:23 - listCustomers called
12/09 21:53:37 INFO  QueryTranslatorFactoryInitiator:47 - HHH000397: Using ASTQueryTranslatorFactory
12/09 21:54:42 INFO  SchemaDropperImpl$DelayedDropActionImpl:524 - HHH000477: Starting delayed drop of schema as part of SessionFactory shut-down'
12/09 21:58:35 INFO  LogHelper:31 - HHH000204: Processing PersistenceUnitInfo [
	name: default
	...]
12/09 21:58:36 INFO  Version:45 - HHH000412: Hibernate Core {5.2.10.Final}
12/09 21:58:36 INFO  Environment:213 - HHH000206: hibernate.properties not found
12/09 21:58:36 INFO  Version:66 - HCANN000001: Hibernate Commons Annotations {5.0.1.Final}
12/09 21:58:36 INFO  Dialect:157 - HHH000400: Using dialect: org.hibernate.dialect.H2Dialect
12/09 21:58:41 INFO  CustomerController:23 - listCustomers called
12/09 21:58:41 INFO  QueryTranslatorFactoryInitiator:47 - HHH000397: Using ASTQueryTranslatorFactory
12/09 22:00:46 INFO  LogHelper:31 - HHH000204: Processing PersistenceUnitInfo [
	name: default
	...]
12/09 22:00:46 INFO  Version:45 - HHH000412: Hibernate Core {5.2.10.Final}
12/09 22:00:46 INFO  Environment:213 - HHH000206: hibernate.properties not found
12/09 22:00:46 INFO  Version:66 - HCANN000001: Hibernate Commons Annotations {5.0.1.Final}
12/09 22:00:47 INFO  Dialect:157 - HHH000400: Using dialect: org.hibernate.dialect.H2Dialect
12/09 22:01:11 INFO  CustomerController:23 - listCustomers called
12/09 22:01:11 INFO  QueryTranslatorFactoryInitiator:47 - HHH000397: Using ASTQueryTranslatorFactory
12/09 22:01:12 INFO  CustomerController:25 - returning : [Customer[id=1, firstName='roxane', lastName='lanane']]
12/09 22:01:59 INFO  CustomerController:23 - listCustomers called
12/09 22:01:59 INFO  CustomerController:25 - returning : [Customer[id=1, firstName='roxane', lastName='lanane']]
12/09 22:02:02 INFO  CustomerController:23 - listCustomers called
12/09 22:02:03 INFO  CustomerController:25 - returning : [Customer[id=1, firstName='roxane', lastName='lanane']]
12/09 22:02:04 INFO  CustomerController:23 - listCustomers called
12/09 22:02:04 INFO  CustomerController:25 - returning : [Customer[id=1, firstName='roxane', lastName='lanane']]
12/09 22:02:28 INFO  LogHelper:31 - HHH000204: Processing PersistenceUnitInfo [
	name: default
	...]
12/09 22:02:28 INFO  Version:45 - HHH000412: Hibernate Core {5.2.10.Final}
12/09 22:02:28 INFO  Environment:213 - HHH000206: hibernate.properties not found
12/09 22:02:28 INFO  Version:66 - HCANN000001: Hibernate Commons Annotations {5.0.1.Final}
12/09 22:02:29 INFO  Dialect:157 - HHH000400: Using dialect: org.hibernate.dialect.H2Dialect
12/09 22:02:37 INFO  CustomerController:23 - listCustomers called
12/09 22:02:37 INFO  QueryTranslatorFactoryInitiator:47 - HHH000397: Using ASTQueryTranslatorFactory
12/09 22:02:38 INFO  CustomerController:25 - returning : [Customer[id=1, firstName='roxane', lastName='lanane']]
12/09 22:02:40 INFO  CustomerController:23 - listCustomers called
12/09 22:02:40 INFO  CustomerController:25 - returning : [Customer[id=1, firstName='roxane', lastName='lanane']]
12/09 22:03:57 INFO  LogHelper:31 - HHH000204: Processing PersistenceUnitInfo [
	name: default
	...]
12/09 22:03:58 INFO  Version:45 - HHH000412: Hibernate Core {5.2.10.Final}
12/09 22:03:58 INFO  Environment:213 - HHH000206: hibernate.properties not found
12/09 22:03:58 INFO  Version:66 - HCANN000001: Hibernate Commons Annotations {5.0.1.Final}
12/09 22:03:58 INFO  Dialect:157 - HHH000400: Using dialect: org.hibernate.dialect.H2Dialect
12/09 22:04:07 INFO  CustomerController:23 - listCustomers called
12/09 22:04:07 INFO  QueryTranslatorFactoryInitiator:47 - HHH000397: Using ASTQueryTranslatorFactory
12/09 22:04:07 INFO  CustomerController:25 - returning : [Customer[id=1, firstName='roxane', lastName='lanane']]
12/09 22:05:40 INFO  CustomerController:23 - listCustomers called
12/09 22:05:40 INFO  CustomerController:25 - returning : [Customer[id=1, firstName='roxane', lastName='lanane']]
12/09 22:10:07 INFO  CustomerController:23 - listCustomers called
12/09 22:10:07 INFO  CustomerController:25 - returning : [Customer[id=1, firstName='roxane', lastName='lanane']]
12/09 22:10:16 INFO  CustomerController:23 - listCustomers called
12/09 22:10:16 INFO  CustomerController:25 - returning : [Customer[id=1, firstName='roxane', lastName='lanane']]
12/09 22:14:24 INFO  CustomerController:23 - listCustomers called
12/09 22:14:24 INFO  CustomerController:25 - returning : [Customer[id=1, firstName='roxane', lastName='lanane']]
12/09 22:14:24 INFO  CustomerController:23 - listCustomers called
12/09 22:14:24 INFO  CustomerController:25 - returning : [Customer[id=1, firstName='roxane', lastName='lanane']]
12/09 22:14:26 INFO  CustomerController:23 - listCustomers called
12/09 22:14:26 INFO  CustomerController:25 - returning : [Customer[id=1, firstName='roxane', lastName='lanane']]
12/09 22:14:35 INFO  CustomerController:23 - listCustomers called
12/09 22:14:35 INFO  CustomerController:25 - returning : [Customer[id=1, firstName='roxane', lastName='lanane']]
12/09 22:16:12 INFO  CustomerController:23 - listCustomers called
12/09 22:16:12 INFO  CustomerController:25 - returning : [Customer[id=1, firstName='roxane', lastName='lanane']]
12/09 22:17:26 INFO  LogHelper:31 - HHH000204: Processing PersistenceUnitInfo [
	name: default
	...]
12/09 22:17:26 INFO  Version:45 - HHH000412: Hibernate Core {5.2.10.Final}
12/09 22:17:26 INFO  Environment:213 - HHH000206: hibernate.properties not found
12/09 22:17:26 INFO  Version:66 - HCANN000001: Hibernate Commons Annotations {5.0.1.Final}
12/09 22:17:26 INFO  Dialect:157 - HHH000400: Using dialect: org.hibernate.dialect.H2Dialect
12/09 22:17:40 INFO  CustomerController:23 - listCustomers called
12/09 22:17:40 INFO  QueryTranslatorFactoryInitiator:47 - HHH000397: Using ASTQueryTranslatorFactory
12/09 22:17:40 INFO  CustomerController:25 - returning : [Customer[id=1, firstName='roxane', lastName='lanane']]
12/09 22:17:42 INFO  CustomerController:23 - listCustomers called
12/09 22:17:42 INFO  CustomerController:25 - returning : [Customer[id=1, firstName='roxane', lastName='lanane']]
12/09 22:17:43 INFO  CustomerController:23 - listCustomers called
12/09 22:17:43 INFO  CustomerController:25 - returning : [Customer[id=1, firstName='roxane', lastName='lanane']]
12/09 22:18:34 INFO  LogHelper:31 - HHH000204: Processing PersistenceUnitInfo [
	name: default
	...]
12/09 22:18:34 INFO  Version:45 - HHH000412: Hibernate Core {5.2.10.Final}
12/09 22:18:34 INFO  Environment:213 - HHH000206: hibernate.properties not found
12/09 22:18:34 INFO  Version:66 - HCANN000001: Hibernate Commons Annotations {5.0.1.Final}
12/09 22:18:35 INFO  Dialect:157 - HHH000400: Using dialect: org.hibernate.dialect.H2Dialect
12/09 22:18:39 INFO  CustomerController:23 - listCustomers called
12/09 22:18:39 INFO  QueryTranslatorFactoryInitiator:47 - HHH000397: Using ASTQueryTranslatorFactory
12/09 22:18:40 INFO  CustomerController:25 - returning : [Customer[id=1, firstName='roxane', lastName='lanane']]
12/09 22:28:18 INFO  LogHelper:31 - HHH000204: Processing PersistenceUnitInfo [
	name: default
	...]
12/09 22:28:18 INFO  Version:45 - HHH000412: Hibernate Core {5.2.10.Final}
12/09 22:28:18 INFO  Environment:213 - HHH000206: hibernate.properties not found
12/09 22:28:18 INFO  Version:66 - HCANN000001: Hibernate Commons Annotations {5.0.1.Final}
12/09 22:28:19 INFO  Dialect:157 - HHH000400: Using dialect: org.hibernate.dialect.H2Dialect
12/09 22:29:01 INFO  LogHelper:31 - HHH000204: Processing PersistenceUnitInfo [
	name: default
	...]
12/09 22:29:01 INFO  Version:45 - HHH000412: Hibernate Core {5.2.10.Final}
12/09 22:29:01 INFO  Environment:213 - HHH000206: hibernate.properties not found
12/09 22:29:01 INFO  Version:66 - HCANN000001: Hibernate Commons Annotations {5.0.1.Final}
12/09 22:29:02 INFO  Dialect:157 - HHH000400: Using dialect: org.hibernate.dialect.H2Dialect
12/09 22:29:12 INFO  CustomerController:23 - listCustomers called
12/09 22:29:13 INFO  QueryTranslatorFactoryInitiator:47 - HHH000397: Using ASTQueryTranslatorFactory
12/09 22:29:13 INFO  CustomerController:25 - returning : [Customer[id=1, firstName='roxane', lastName='lanane']]
12/09 22:29:14 INFO  CustomerController:23 - listCustomers called
12/09 22:29:14 INFO  CustomerController:25 - returning : [Customer[id=1, firstName='roxane', lastName='lanane']]
12/09 22:29:15 INFO  CustomerController:23 - listCustomers called
12/09 22:29:15 INFO  CustomerController:25 - returning : [Customer[id=1, firstName='roxane', lastName='lanane']]
12/09 22:29:15 INFO  CustomerController:23 - listCustomers called
12/09 22:29:15 INFO  CustomerController:25 - returning : [Customer[id=1, firstName='roxane', lastName='lanane']]
12/09 22:29:16 INFO  CustomerController:23 - listCustomers called
12/09 22:29:16 INFO  CustomerController:25 - returning : [Customer[id=1, firstName='roxane', lastName='lanane']]
12/09 22:32:34 INFO  LogHelper:31 - HHH000204: Processing PersistenceUnitInfo [
	name: default
	...]
12/09 22:32:34 INFO  Version:45 - HHH000412: Hibernate Core {5.2.10.Final}
12/09 22:32:35 INFO  Environment:213 - HHH000206: hibernate.properties not found
12/09 22:32:35 INFO  Version:66 - HCANN000001: Hibernate Commons Annotations {5.0.1.Final}
12/09 22:32:35 INFO  Dialect:157 - HHH000400: Using dialect: org.hibernate.dialect.H2Dialect
12/09 22:33:06 INFO  CustomerController:23 - listCustomers called
12/09 22:33:07 INFO  QueryTranslatorFactoryInitiator:47 - HHH000397: Using ASTQueryTranslatorFactory
12/09 22:33:07 INFO  CustomerController:25 - returning : [Customer[id=1, firstName='roxane', lastName='lanane']]
12/09 22:35:28 INFO  LogHelper:31 - HHH000204: Processing PersistenceUnitInfo [
	name: default
	...]
12/09 22:35:42 INFO  LogHelper:31 - HHH000204: Processing PersistenceUnitInfo [
	name: default
	...]
12/09 22:35:42 INFO  Version:45 - HHH000412: Hibernate Core {5.2.10.Final}
12/09 22:35:42 INFO  Environment:213 - HHH000206: hibernate.properties not found
12/09 22:35:42 INFO  Version:66 - HCANN000001: Hibernate Commons Annotations {5.0.1.Final}
12/09 22:35:42 INFO  Dialect:157 - HHH000400: Using dialect: org.hibernate.dialect.H2Dialect
12/09 22:35:45 INFO  CustomerController:23 - listCustomers called
12/09 22:35:45 INFO  QueryTranslatorFactoryInitiator:47 - HHH000397: Using ASTQueryTranslatorFactory
12/09 22:35:45 INFO  CustomerController:25 - returning : [Customer[id=1, firstName='roxane', lastName='lanane']]
12/09 22:35:47 INFO  CustomerController:23 - listCustomers called
12/09 22:35:47 INFO  CustomerController:25 - returning : [Customer[id=1, firstName='roxane', lastName='lanane']]
12/09 22:49:04 INFO  LogHelper:31 - HHH000204: Processing PersistenceUnitInfo [
	name: default
	...]
12/09 22:49:04 INFO  Version:45 - HHH000412: Hibernate Core {5.2.10.Final}
12/09 22:49:04 INFO  Environment:213 - HHH000206: hibernate.properties not found
12/09 22:49:04 INFO  Version:66 - HCANN000001: Hibernate Commons Annotations {5.0.1.Final}
12/09 22:49:04 INFO  Dialect:157 - HHH000400: Using dialect: org.hibernate.dialect.H2Dialect
12/09 22:49:27 INFO  CustomerController:23 - listCustomers called
12/09 22:49:27 INFO  QueryTranslatorFactoryInitiator:47 - HHH000397: Using ASTQueryTranslatorFactory
12/09 22:49:28 INFO  CustomerController:25 - returning : [Customer[id=1, firstName='roxane', lastName='lanane']]
12/09 22:49:57 INFO  CustomerController:23 - listCustomers called
12/09 22:49:57 INFO  CustomerController:25 - returning : [Customer[id=1, firstName='roxane', lastName='lanane']]
12/09 22:49:58 INFO  CustomerController:23 - listCustomers called
12/09 22:49:58 INFO  CustomerController:25 - returning : [Customer[id=1, firstName='roxane', lastName='lanane']]
12/09 22:49:58 INFO  CustomerController:23 - listCustomers called
12/09 22:49:58 INFO  CustomerController:25 - returning : [Customer[id=1, firstName='roxane', lastName='lanane']]
12/09 22:49:59 INFO  CustomerController:23 - listCustomers called
12/09 22:49:59 INFO  CustomerController:25 - returning : [Customer[id=1, firstName='roxane', lastName='lanane']]
12/09 22:49:59 INFO  CustomerController:23 - listCustomers called
12/09 22:49:59 INFO  CustomerController:25 - returning : [Customer[id=1, firstName='roxane', lastName='lanane']]
12/09 22:49:59 INFO  CustomerController:23 - listCustomers called
12/09 22:49:59 INFO  CustomerController:25 - returning : [Customer[id=1, firstName='roxane', lastName='lanane']]
12/09 22:49:59 INFO  CustomerController:23 - listCustomers called
12/09 22:49:59 INFO  CustomerController:25 - returning : [Customer[id=1, firstName='roxane', lastName='lanane']]
12/09 22:50:00 INFO  CustomerController:23 - listCustomers called
12/09 22:50:00 INFO  CustomerController:25 - returning : [Customer[id=1, firstName='roxane', lastName='lanane']]
12/09 22:50:00 INFO  CustomerController:23 - listCustomers called
12/09 22:50:00 INFO  CustomerController:25 - returning : [Customer[id=1, firstName='roxane', lastName='lanane']]
12/09 22:50:00 INFO  CustomerController:23 - listCustomers called
12/09 22:50:00 INFO  CustomerController:25 - returning : [Customer[id=1, firstName='roxane', lastName='lanane']]
12/09 22:50:01 INFO  CustomerController:23 - listCustomers called
12/09 22:50:01 INFO  CustomerController:25 - returning : [Customer[id=1, firstName='roxane', lastName='lanane']]
12/09 22:50:02 INFO  CustomerController:23 - listCustomers called
12/09 22:50:02 INFO  CustomerController:25 - returning : [Customer[id=1, firstName='roxane', lastName='lanane']]
12/09 22:50:03 INFO  CustomerController:23 - listCustomers called
12/09 22:50:03 INFO  CustomerController:25 - returning : [Customer[id=1, firstName='roxane', lastName='lanane']]
12/09 22:50:03 INFO  CustomerController:23 - listCustomers called
12/09 22:50:03 INFO  CustomerController:25 - returning : [Customer[id=1, firstName='roxane', lastName='lanane']]
12/09 22:50:04 INFO  CustomerController:23 - listCustomers called
12/09 22:50:04 INFO  CustomerController:25 - returning : [Customer[id=1, firstName='roxane', lastName='lanane']]
12/09 22:50:27 INFO  LogHelper:31 - HHH000204: Processing PersistenceUnitInfo [
	name: default
	...]
12/09 22:50:27 INFO  Version:45 - HHH000412: Hibernate Core {5.2.10.Final}
12/09 22:50:27 INFO  Environment:213 - HHH000206: hibernate.properties not found
12/09 22:50:27 INFO  Version:66 - HCANN000001: Hibernate Commons Annotations {5.0.1.Final}
12/09 22:50:28 INFO  Dialect:157 - HHH000400: Using dialect: org.hibernate.dialect.H2Dialect
12/09 22:50:30 INFO  CustomerController:23 - listCustomers called
12/09 22:50:30 INFO  QueryTranslatorFactoryInitiator:47 - HHH000397: Using ASTQueryTranslatorFactory
12/09 22:50:30 INFO  CustomerController:25 - returning : [Customer[id=1, firstName='roxane', lastName='lanane']]
12/09 22:53:32 INFO  CustomerController:23 - listCustomers called
12/09 22:53:32 INFO  CustomerController:25 - returning : [Customer[id=1, firstName='roxane', lastName='lanane']]
12/09 22:54:08 INFO  CustomerController:23 - listCustomers called
12/09 22:54:08 INFO  CustomerController:25 - returning : [Customer[id=1, firstName='roxane', lastName='lanane']]
12/09 22:55:26 INFO  CustomerController:23 - listCustomers called
12/09 22:55:26 INFO  CustomerController:25 - returning : [Customer[id=1, firstName='roxane', lastName='lanane']]
12/09 22:55:28 INFO  CustomerController:23 - listCustomers called
12/09 22:55:29 INFO  CustomerController:25 - returning : [Customer[id=1, firstName='roxane', lastName='lanane']]
12/09 22:55:29 INFO  CustomerController:23 - listCustomers called
12/09 22:55:29 INFO  CustomerController:25 - returning : [Customer[id=1, firstName='roxane', lastName='lanane']]
12/09 22:55:29 INFO  CustomerController:23 - listCustomers called
12/09 22:55:29 INFO  CustomerController:25 - returning : [Customer[id=1, firstName='roxane', lastName='lanane']]
12/09 22:55:31 INFO  CustomerController:23 - listCustomers called
12/09 22:55:31 INFO  CustomerController:25 - returning : [Customer[id=1, firstName='roxane', lastName='lanane']]
12/09 22:55:32 INFO  CustomerController:23 - listCustomers called
12/09 22:55:32 INFO  CustomerController:25 - returning : [Customer[id=1, firstName='roxane', lastName='lanane']]
12/09 22:55:32 INFO  CustomerController:23 - listCustomers called
12/09 22:55:32 INFO  CustomerController:25 - returning : [Customer[id=1, firstName='roxane', lastName='lanane']]
12/09 22:56:27 INFO  CustomerController:23 - listCustomers called
12/09 22:56:27 INFO  CustomerController:25 - returning : [Customer[id=1, firstName='roxane', lastName='lanane']]
12/09 22:56:38 INFO  CustomerController:23 - listCustomers called
12/09 22:56:38 INFO  CustomerController:25 - returning : [Customer[id=1, firstName='roxane', lastName='lanane']]
12/09 22:56:42 INFO  CustomerController:23 - listCustomers called
12/09 22:56:42 INFO  CustomerController:25 - returning : [Customer[id=1, firstName='roxane', lastName='lanane']]
12/09 23:00:13 INFO  LogHelper:31 - HHH000204: Processing PersistenceUnitInfo [
	name: default
	...]
12/09 23:00:14 INFO  Version:45 - HHH000412: Hibernate Core {5.2.10.Final}
12/09 23:00:14 INFO  Environment:213 - HHH000206: hibernate.properties not found
12/09 23:00:14 INFO  Version:66 - HCANN000001: Hibernate Commons Annotations {5.0.1.Final}
12/09 23:00:14 INFO  Dialect:157 - HHH000400: Using dialect: org.hibernate.dialect.H2Dialect
12/09 23:01:01 INFO  CustomerController:23 - listCustomers called
12/09 23:01:01 INFO  QueryTranslatorFactoryInitiator:47 - HHH000397: Using ASTQueryTranslatorFactory
12/09 23:01:01 INFO  CustomerController:25 - returning : [Customer[id=1, firstName='roxane', lastName='lanane']]
12/09 23:04:27 INFO  LogHelper:31 - HHH000204: Processing PersistenceUnitInfo [
	name: default
	...]
12/09 23:04:27 INFO  Version:45 - HHH000412: Hibernate Core {5.2.10.Final}
12/09 23:04:27 INFO  Environment:213 - HHH000206: hibernate.properties not found
12/09 23:04:27 INFO  Version:66 - HCANN000001: Hibernate Commons Annotations {5.0.1.Final}
12/09 23:04:27 INFO  Dialect:157 - HHH000400: Using dialect: org.hibernate.dialect.H2Dialect
12/09 23:04:30 INFO  CustomerController:27 - listCustomers called
12/09 23:04:30 INFO  QueryTranslatorFactoryInitiator:47 - HHH000397: Using ASTQueryTranslatorFactory
12/09 23:04:30 INFO  CustomerController:29 - returning : [Customer[id=1, firstName='roxane', lastName='lanane']]
12/09 23:08:36 INFO  LogHelper:31 - HHH000204: Processing PersistenceUnitInfo [
	name: default
	...]
12/09 23:08:36 INFO  Version:45 - HHH000412: Hibernate Core {5.2.10.Final}
12/09 23:08:36 INFO  Environment:213 - HHH000206: hibernate.properties not found
12/09 23:08:36 INFO  Version:66 - HCANN000001: Hibernate Commons Annotations {5.0.1.Final}
12/09 23:08:37 INFO  Dialect:157 - HHH000400: Using dialect: org.hibernate.dialect.H2Dialect
12/09 23:08:40 INFO  CustomerController:27 - listCustomers called
12/09 23:08:40 INFO  QueryTranslatorFactoryInitiator:47 - HHH000397: Using ASTQueryTranslatorFactory
12/09 23:08:40 INFO  CustomerController:29 - returning : [Customer[id=1, firstName='roxane', lastName='lanane']]
12/09 23:14:11 INFO  LogHelper:31 - HHH000204: Processing PersistenceUnitInfo [
	name: default
	...]
12/09 23:14:11 INFO  Version:45 - HHH000412: Hibernate Core {5.2.10.Final}
12/09 23:14:11 INFO  Environment:213 - HHH000206: hibernate.properties not found
12/09 23:14:11 INFO  Version:66 - HCANN000001: Hibernate Commons Annotations {5.0.1.Final}
12/09 23:14:11 INFO  Dialect:157 - HHH000400: Using dialect: org.hibernate.dialect.H2Dialect
12/09 23:14:16 INFO  CustomerController:23 - listCustomers called
12/09 23:14:17 INFO  QueryTranslatorFactoryInitiator:47 - HHH000397: Using ASTQueryTranslatorFactory
12/09 23:14:17 INFO  CustomerController:25 - returning : [Customer[id=1, firstName='roxane', lastName='lanane']]
13/09 08:29:52 INFO  LogHelper:31 - HHH000204: Processing PersistenceUnitInfo [
	name: default
	...]
13/09 08:29:52 INFO  Version:45 - HHH000412: Hibernate Core {5.2.10.Final}
13/09 08:29:52 INFO  Environment:213 - HHH000206: hibernate.properties not found
13/09 08:29:52 INFO  Version:66 - HCANN000001: Hibernate Commons Annotations {5.0.1.Final}
13/09 08:29:53 INFO  Dialect:157 - HHH000400: Using dialect: org.hibernate.dialect.H2Dialect
13/09 08:30:02 INFO  CustomerController:23 - listCustomers called
13/09 08:30:02 INFO  QueryTranslatorFactoryInitiator:47 - HHH000397: Using ASTQueryTranslatorFactory
13/09 08:30:03 INFO  CustomerController:25 - returning : [Customer[id=1, firstName='roxane', lastName='lanane']]
26/09 19:36:24 INFO  LogHelper:31 - HHH000204: Processing PersistenceUnitInfo [
	name: default
	...]
26/09 19:36:24 INFO  Version:45 - HHH000412: Hibernate Core {5.2.10.Final}
26/09 19:36:24 INFO  Environment:213 - HHH000206: hibernate.properties not found
26/09 19:36:24 INFO  Version:66 - HCANN000001: Hibernate Commons Annotations {5.0.1.Final}
26/09 19:36:26 WARN  JdbcEnvironmentInitiator:132 - HHH000342: Could not obtain connection to query metadata : Connection is broken: "java.net.ConnectException: Connection refused (Connection refused): localhost:9092" [90067-196]
26/09 19:36:26 INFO  Dialect:157 - HHH000400: Using dialect: org.hibernate.dialect.H2Dialect
26/09 19:36:26 INFO  LobCreatorBuilderImpl:63 - HHH000422: Disabling contextual LOB creation as connection was null
26/09 19:36:28 WARN  SqlExceptionHelper:129 - SQL Error: 90067, SQLState: 90067
26/09 19:36:28 ERROR SqlExceptionHelper:131 - Connection is broken: "java.net.ConnectException: Connection refused (Connection refused): localhost:9092" [90067-196]
26/09 20:29:18 INFO  LogHelper:31 - HHH000204: Processing PersistenceUnitInfo [
	name: default
	...]
26/09 20:29:19 INFO  Version:45 - HHH000412: Hibernate Core {5.2.10.Final}
26/09 20:29:19 INFO  Environment:213 - HHH000206: hibernate.properties not found
26/09 20:29:19 INFO  Version:66 - HCANN000001: Hibernate Commons Annotations {5.0.1.Final}
26/09 20:29:20 WARN  JdbcEnvironmentInitiator:132 - HHH000342: Could not obtain connection to query metadata : Connection is broken: "java.net.ConnectException: Connection refused (Connection refused): localhost:9092" [90067-196]
26/09 20:29:20 INFO  Dialect:157 - HHH000400: Using dialect: org.hibernate.dialect.H2Dialect
26/09 20:29:20 INFO  LobCreatorBuilderImpl:63 - HHH000422: Disabling contextual LOB creation as connection was null
26/09 20:29:22 WARN  SqlExceptionHelper:129 - SQL Error: 90067, SQLState: 90067
26/09 20:29:22 ERROR SqlExceptionHelper:131 - Connection is broken: "java.net.ConnectException: Connection refused (Connection refused): localhost:9092" [90067-196]
26/09 20:30:18 INFO  LogHelper:31 - HHH000204: Processing PersistenceUnitInfo [
	name: default
	...]
26/09 20:30:18 INFO  Version:45 - HHH000412: Hibernate Core {5.2.10.Final}
26/09 20:30:18 INFO  Environment:213 - HHH000206: hibernate.properties not found
26/09 20:30:18 INFO  Version:66 - HCANN000001: Hibernate Commons Annotations {5.0.1.Final}
26/09 20:30:19 INFO  Dialect:157 - HHH000400: Using dialect: org.hibernate.dialect.H2Dialect
26/09 20:30:30 INFO  CustomerController:26 - listCustomers called
26/09 20:30:30 INFO  QueryTranslatorFactoryInitiator:47 - HHH000397: Using ASTQueryTranslatorFactory
26/09 20:30:31 INFO  CustomerController:28 - returning : [Customer[id=1, firstName='John', lastName='Sool'], Customer[id=2, firstName='Ralf', lastName='Sick'], Customer[id=3, firstName='roxane', lastName='lanane'], Customer[id=4, firstName='roxane', lastName='lanane'], Customer[id=5, firstName='nick', lastName='godon'], Customer[id=6, firstName='roxane', lastName='lanane'], Customer[id=7, firstName='nick', lastName='godon'], Customer[id=9, firstName='roxane', lastName='lanane'], Customer[id=10, firstName='nick', lastName='godon'], Customer[id=12, firstName='roxane', lastName='lanane'], Customer[id=14, firstName='roxane', lastName='lanane'], Customer[id=16, firstName='roxane', lastName='lanane']]
26/09 20:34:59 INFO  CustomerController:26 - listCustomers called
26/09 20:34:59 INFO  CustomerController:28 - returning : [Customer[id=1, firstName='John', lastName='Sool'], Customer[id=2, firstName='Ralf', lastName='Sick'], Customer[id=3, firstName='roxane', lastName='lanane'], Customer[id=4, firstName='roxane', lastName='lanane'], Customer[id=5, firstName='nick', lastName='godon'], Customer[id=6, firstName='roxane', lastName='lanane'], Customer[id=7, firstName='nick', lastName='godon'], Customer[id=9, firstName='roxane', lastName='lanane'], Customer[id=10, firstName='nick', lastName='godon'], Customer[id=12, firstName='roxane', lastName='lanane'], Customer[id=14, firstName='roxane', lastName='lanane'], Customer[id=16, firstName='roxane', lastName='lanane']]
26/09 20:37:59 INFO  LogHelper:31 - HHH000204: Processing PersistenceUnitInfo [
	name: default
	...]
26/09 20:38:00 INFO  Version:45 - HHH000412: Hibernate Core {5.2.10.Final}
26/09 20:38:00 INFO  Environment:213 - HHH000206: hibernate.properties not found
26/09 20:38:00 INFO  Version:66 - HCANN000001: Hibernate Commons Annotations {5.0.1.Final}
26/09 20:38:00 INFO  Dialect:157 - HHH000400: Using dialect: org.hibernate.dialect.H2Dialect
26/09 20:38:14 INFO  CustomerController:26 - listCustomers called
26/09 20:38:14 INFO  QueryTranslatorFactoryInitiator:47 - HHH000397: Using ASTQueryTranslatorFactory
26/09 20:38:15 INFO  CustomerController:28 - returning : [Customer[id=1, firstName='John', lastName='Sool'], Customer[id=2, firstName='Ralf', lastName='Sick'], Customer[id=3, firstName='roxane', lastName='lanane'], Customer[id=4, firstName='roxane', lastName='lanane'], Customer[id=5, firstName='nick', lastName='godon'], Customer[id=6, firstName='roxane', lastName='lanane'], Customer[id=7, firstName='nick', lastName='godon'], Customer[id=9, firstName='roxane', lastName='lanane'], Customer[id=10, firstName='nick', lastName='godon'], Customer[id=12, firstName='roxane', lastName='lanane'], Customer[id=14, firstName='roxane', lastName='lanane'], Customer[id=16, firstName='roxane', lastName='lanane']]
26/09 20:40:30 INFO  LogHelper:31 - HHH000204: Processing PersistenceUnitInfo [
	name: default
	...]
26/09 20:40:30 INFO  Version:45 - HHH000412: Hibernate Core {5.2.10.Final}
26/09 20:40:30 INFO  Environment:213 - HHH000206: hibernate.properties not found
26/09 20:40:30 INFO  Version:66 - HCANN000001: Hibernate Commons Annotations {5.0.1.Final}
26/09 20:40:30 INFO  Dialect:157 - HHH000400: Using dialect: org.hibernate.dialect.H2Dialect
26/09 20:40:46 INFO  CustomerController:27 - listCustomers called
26/09 20:40:46 INFO  QueryTranslatorFactoryInitiator:47 - HHH000397: Using ASTQueryTranslatorFactory
26/09 20:40:46 INFO  CustomerController:29 - returning : [Customer[id=1, firstName='John', lastName='Sool'], Customer[id=2, firstName='Ralf', lastName='Sick'], Customer[id=3, firstName='roxane', lastName='lanane'], Customer[id=4, firstName='roxane', lastName='lanane'], Customer[id=5, firstName='nick', lastName='godon'], Customer[id=6, firstName='roxane', lastName='lanane'], Customer[id=7, firstName='nick', lastName='godon'], Customer[id=9, firstName='roxane', lastName='lanane'], Customer[id=10, firstName='nick', lastName='godon'], Customer[id=12, firstName='roxane', lastName='lanane'], Customer[id=14, firstName='roxane', lastName='lanane'], Customer[id=16, firstName='roxane', lastName='lanane']]
26/09 20:43:09 INFO  LogHelper:31 - HHH000204: Processing PersistenceUnitInfo [
	name: default
	...]
26/09 20:43:09 INFO  Version:45 - HHH000412: Hibernate Core {5.2.10.Final}
26/09 20:43:09 INFO  Environment:213 - HHH000206: hibernate.properties not found
26/09 20:43:10 INFO  Version:66 - HCANN000001: Hibernate Commons Annotations {5.0.1.Final}
26/09 20:43:10 INFO  Dialect:157 - HHH000400: Using dialect: org.hibernate.dialect.H2Dialect
26/09 20:43:20 INFO  CustomerController:27 - listCustomers called
26/09 20:43:20 INFO  QueryTranslatorFactoryInitiator:47 - HHH000397: Using ASTQueryTranslatorFactory
26/09 20:43:21 INFO  CustomerController:29 - returning : [Customer[id=1, firstName='John', lastName='Sool'], Customer[id=2, firstName='Ralf', lastName='Sick'], Customer[id=3, firstName='roxane', lastName='lanane'], Customer[id=4, firstName='roxane', lastName='lanane'], Customer[id=5, firstName='nick', lastName='godon'], Customer[id=6, firstName='roxane', lastName='lanane'], Customer[id=7, firstName='nick', lastName='godon'], Customer[id=9, firstName='roxane', lastName='lanane'], Customer[id=10, firstName='nick', lastName='godon'], Customer[id=12, firstName='roxane', lastName='lanane'], Customer[id=14, firstName='roxane', lastName='lanane'], Customer[id=16, firstName='roxane', lastName='lanane']]
26/09 20:45:52 INFO  LogHelper:31 - HHH000204: Processing PersistenceUnitInfo [
	name: default
	...]
26/09 20:45:52 INFO  Version:45 - HHH000412: Hibernate Core {5.2.10.Final}
26/09 20:45:52 INFO  Environment:213 - HHH000206: hibernate.properties not found
26/09 20:45:52 INFO  LogHelper:31 - HHH000204: Processing PersistenceUnitInfo [
	name: default
	...]
26/09 20:45:53 INFO  Version:66 - HCANN000001: Hibernate Commons Annotations {5.0.1.Final}
26/09 20:45:53 INFO  Version:45 - HHH000412: Hibernate Core {5.2.10.Final}
26/09 20:45:53 INFO  Environment:213 - HHH000206: hibernate.properties not found
26/09 20:45:53 INFO  Version:66 - HCANN000001: Hibernate Commons Annotations {5.0.1.Final}
26/09 20:45:53 INFO  Dialect:157 - HHH000400: Using dialect: org.hibernate.dialect.H2Dialect
26/09 20:45:53 INFO  Dialect:157 - HHH000400: Using dialect: org.hibernate.dialect.H2Dialect
26/09 20:46:09 INFO  LogHelper:31 - HHH000204: Processing PersistenceUnitInfo [
	name: default
	...]
26/09 20:46:09 INFO  Version:45 - HHH000412: Hibernate Core {5.2.10.Final}
26/09 20:46:09 INFO  Environment:213 - HHH000206: hibernate.properties not found
26/09 20:46:09 INFO  Version:66 - HCANN000001: Hibernate Commons Annotations {5.0.1.Final}
26/09 20:46:10 INFO  Dialect:157 - HHH000400: Using dialect: org.hibernate.dialect.H2Dialect
26/09 21:13:34 INFO  LogHelper:31 - HHH000204: Processing PersistenceUnitInfo [
	name: default
	...]
26/09 21:13:34 INFO  Version:45 - HHH000412: Hibernate Core {5.2.10.Final}
26/09 21:13:34 INFO  Environment:213 - HHH000206: hibernate.properties not found
26/09 21:13:35 INFO  Version:66 - HCANN000001: Hibernate Commons Annotations {5.0.1.Final}
26/09 21:13:35 INFO  Dialect:157 - HHH000400: Using dialect: org.hibernate.dialect.H2Dialect
26/09 21:13:37 INFO  CustomerController:27 - listCustomers called
26/09 21:13:37 INFO  QueryTranslatorFactoryInitiator:47 - HHH000397: Using ASTQueryTranslatorFactory
26/09 21:13:37 INFO  CustomerController:29 - returning : [Customer[id=1, firstName='John', lastName='Sool'], Customer[id=2, firstName='Ralf', lastName='Sick'], Customer[id=3, firstName='roxane', lastName='lanane'], Customer[id=4, firstName='roxane', lastName='lanane'], Customer[id=5, firstName='nick', lastName='godon'], Customer[id=6, firstName='roxane', lastName='lanane'], Customer[id=7, firstName='nick', lastName='godon'], Customer[id=9, firstName='roxane', lastName='lanane'], Customer[id=10, firstName='nick', lastName='godon'], Customer[id=12, firstName='roxane', lastName='lanane'], Customer[id=14, firstName='roxane', lastName='lanane'], Customer[id=16, firstName='roxane', lastName='lanane']]
26/09 21:26:29 INFO  CustomerController:27 - listCustomers called
26/09 21:26:29 INFO  CustomerController:29 - returning : [Customer[id=1, firstName='John', lastName='Sool'], Customer[id=2, firstName='Ralf', lastName='Sick'], Customer[id=3, firstName='roxane', lastName='lanane'], Customer[id=4, firstName='roxane', lastName='lanane'], Customer[id=5, firstName='nick', lastName='godon'], Customer[id=6, firstName='roxane', lastName='lanane'], Customer[id=7, firstName='nick', lastName='godon'], Customer[id=9, firstName='roxane', lastName='lanane'], Customer[id=10, firstName='nick', lastName='godon'], Customer[id=12, firstName='roxane', lastName='lanane'], Customer[id=14, firstName='roxane', lastName='lanane'], Customer[id=16, firstName='roxane', lastName='lanane'], Customer[id=18, firstName='codi', lastName='neo'], Customer[id=19, firstName='maron', lastName='bando']]
26/09 21:26:54 INFO  CustomerController:27 - listCustomers called
26/09 21:26:54 INFO  CustomerController:29 - returning : [Customer[id=1, firstName='John', lastName='Sool'], Customer[id=2, firstName='Ralf', lastName='Sick'], Customer[id=3, firstName='roxane', lastName='lanane'], Customer[id=4, firstName='roxane', lastName='lanane'], Customer[id=5, firstName='nick', lastName='godon'], Customer[id=6, firstName='roxane', lastName='lanane'], Customer[id=7, firstName='nick', lastName='godon'], Customer[id=9, firstName='roxane', lastName='lanane'], Customer[id=10, firstName='nick', lastName='godon'], Customer[id=12, firstName='roxane', lastName='lanane'], Customer[id=14, firstName='roxane', lastName='lanane'], Customer[id=16, firstName='roxane', lastName='lanane'], Customer[id=18, firstName='codi', lastName='neo'], Customer[id=19, firstName='maron', lastName='bando']]
29/09 10:54:23 INFO  LogHelper:31 - HHH000204: Processing PersistenceUnitInfo [
	name: default
	...]
29/09 10:54:23 INFO  Version:45 - HHH000412: Hibernate Core {5.2.10.Final}
29/09 10:54:23 INFO  Environment:213 - HHH000206: hibernate.properties not found
29/09 10:54:24 INFO  Version:66 - HCANN000001: Hibernate Commons Annotations {5.0.1.Final}
29/09 10:54:24 INFO  Dialect:157 - HHH000400: Using dialect: org.hibernate.dialect.H2Dialect
29/09 10:54:35 INFO  QueryTranslatorFactoryInitiator:47 - HHH000397: Using ASTQueryTranslatorFactory
29/09 10:56:07 INFO  LogHelper:31 - HHH000204: Processing PersistenceUnitInfo [
	name: default
	...]
29/09 10:56:08 INFO  Version:45 - HHH000412: Hibernate Core {5.2.10.Final}
29/09 10:56:08 INFO  Environment:213 - HHH000206: hibernate.properties not found
29/09 10:56:08 INFO  Version:66 - HCANN000001: Hibernate Commons Annotations {5.0.1.Final}
29/09 10:56:08 INFO  Dialect:157 - HHH000400: Using dialect: org.hibernate.dialect.H2Dialect
29/09 10:56:21 INFO  QueryTranslatorFactoryInitiator:47 - HHH000397: Using ASTQueryTranslatorFactory
07/02 23:07:38 INFO  LogHelper:31 - HHH000204: Processing PersistenceUnitInfo [
	name: default
	...]
07/02 23:07:39 INFO  Version:45 - HHH000412: Hibernate Core {5.2.10.Final}
07/02 23:07:39 INFO  Environment:213 - HHH000206: hibernate.properties not found
07/02 23:07:39 INFO  Version:66 - HCANN000001: Hibernate Commons Annotations {5.0.1.Final}
07/02 23:07:43 WARN  JdbcEnvironmentInitiator:132 - HHH000342: Could not obtain connection to query metadata : Connection is broken: "java.net.ConnectException: Connection refused (Connection refused): localhost:9092" [90067-196]
07/02 23:07:43 INFO  Dialect:157 - HHH000400: Using dialect: org.hibernate.dialect.H2Dialect
07/02 23:07:43 INFO  LobCreatorBuilderImpl:63 - HHH000422: Disabling contextual LOB creation as connection was null
07/02 23:07:45 WARN  SqlExceptionHelper:129 - SQL Error: 90067, SQLState: 90067
07/02 23:07:45 ERROR SqlExceptionHelper:131 - Connection is broken: "java.net.ConnectException: Connection refused (Connection refused): localhost:9092" [90067-196]
07/02 23:24:26 INFO  LogHelper:31 - HHH000204: Processing PersistenceUnitInfo [
	name: default
	...]
07/02 23:24:26 INFO  Version:45 - HHH000412: Hibernate Core {5.2.10.Final}
07/02 23:24:26 INFO  Environment:213 - HHH000206: hibernate.properties not found
07/02 23:24:26 INFO  Version:66 - HCANN000001: Hibernate Commons Annotations {5.0.1.Final}
07/02 23:24:27 INFO  Dialect:157 - HHH000400: Using dialect: org.hibernate.dialect.H2Dialect
07/02 23:26:36 INFO  LogHelper:31 - HHH000204: Processing PersistenceUnitInfo [
	name: default
	...]
07/02 23:26:36 INFO  Version:45 - HHH000412: Hibernate Core {5.2.10.Final}
07/02 23:26:36 INFO  Environment:213 - HHH000206: hibernate.properties not found
07/02 23:26:36 INFO  Version:66 - HCANN000001: Hibernate Commons Annotations {5.0.1.Final}
07/02 23:26:37 INFO  Dialect:157 - HHH000400: Using dialect: org.hibernate.dialect.H2Dialect
07/02 23:26:37 INFO  Version:27 - HV000001: Hibernate Validator 5.1.2.Final
07/02 23:28:32 INFO  QueryTranslatorFactoryInitiator:47 - HHH000397: Using ASTQueryTranslatorFactory
07/02 23:29:30 ERROR ExceptionMapperStandardImpl:39 - HHH000346: Error during managed flush [Validation failed for classes [com.formation.spring.domain.Customer] during persist time for groups [javax.validation.groups.Default, ]
List of constraint violations:[
	ConstraintViolationImpl{interpolatedMessage='size must be between 3 and 30', propertyPath=lastName, rootBeanClass=class com.formation.spring.domain.Customer, messageTemplate='{javax.validation.constraints.Size.message}'}
]]
07/02 23:41:46 ERROR ExceptionMapperStandardImpl:39 - HHH000346: Error during managed flush [Validation failed for classes [com.formation.spring.domain.Customer] during persist time for groups [javax.validation.groups.Default, ]
List of constraint violations:[
	ConstraintViolationImpl{interpolatedMessage='size must be between 3 and 30', propertyPath=lastName, rootBeanClass=class com.formation.spring.domain.Customer, messageTemplate='{javax.validation.constraints.Size.message}'}
]]
07/02 23:42:17 INFO  LogHelper:31 - HHH000204: Processing PersistenceUnitInfo [
	name: default
	...]
07/02 23:42:17 INFO  Version:45 - HHH000412: Hibernate Core {5.2.10.Final}
07/02 23:42:17 INFO  Environment:213 - HHH000206: hibernate.properties not found
07/02 23:42:17 INFO  Version:66 - HCANN000001: Hibernate Commons Annotations {5.0.1.Final}
07/02 23:42:17 INFO  Dialect:157 - HHH000400: Using dialect: org.hibernate.dialect.H2Dialect
07/02 23:42:18 INFO  Version:27 - HV000001: Hibernate Validator 5.1.2.Final
07/02 23:44:18 INFO  LogHelper:31 - HHH000204: Processing PersistenceUnitInfo [
	name: default
	...]
07/02 23:44:18 INFO  Version:45 - HHH000412: Hibernate Core {5.2.10.Final}
07/02 23:44:18 INFO  Environment:213 - HHH000206: hibernate.properties not found
07/02 23:44:18 INFO  Version:66 - HCANN000001: Hibernate Commons Annotations {5.0.1.Final}
07/02 23:44:18 INFO  Dialect:157 - HHH000400: Using dialect: org.hibernate.dialect.H2Dialect
07/02 23:44:19 INFO  Version:27 - HV000001: Hibernate Validator 5.1.2.Final
07/02 23:45:07 INFO  QueryTranslatorFactoryInitiator:47 - HHH000397: Using ASTQueryTranslatorFactory
08/02 00:02:39 INFO  LogHelper:31 - HHH000204: Processing PersistenceUnitInfo [
	name: default
	...]
08/02 00:02:39 INFO  Version:45 - HHH000412: Hibernate Core {5.2.10.Final}
08/02 00:02:39 INFO  Environment:213 - HHH000206: hibernate.properties not found
08/02 00:02:39 INFO  Version:66 - HCANN000001: Hibernate Commons Annotations {5.0.1.Final}
08/02 00:02:39 INFO  Dialect:157 - HHH000400: Using dialect: org.hibernate.dialect.H2Dialect
08/02 00:02:40 INFO  Version:27 - HV000001: Hibernate Validator 5.1.2.Final
08/02 00:04:47 INFO  LogHelper:31 - HHH000204: Processing PersistenceUnitInfo [
	name: default
	...]
08/02 00:04:47 INFO  Version:45 - HHH000412: Hibernate Core {5.2.10.Final}
08/02 00:04:47 INFO  Environment:213 - HHH000206: hibernate.properties not found
08/02 00:04:47 INFO  Version:66 - HCANN000001: Hibernate Commons Annotations {5.0.1.Final}
08/02 00:04:48 INFO  Dialect:157 - HHH000400: Using dialect: org.hibernate.dialect.H2Dialect
08/02 00:04:48 INFO  Version:27 - HV000001: Hibernate Validator 5.1.2.Final
